#
# There is insufficient memory for the Java Runtime Environment to continue.
# Native memory allocation (malloc) failed to allocate 503056 bytes. Error detail: Chunk::new
# Possible reasons:
#   The system is out of physical RAM or swap space
#   This process is running with CompressedOops enabled, and the Java Heap may be blocking the growth of the native heap
# Possible solutions:
#   Reduce memory load on the system
#   Increase physical memory or swap space
#   Check if swap backing store is full
#   Decrease Java heap size (-Xmx/-Xms)
#   Decrease number of Java threads
#   Decrease Java thread stack sizes (-Xss)
#   Set larger code cache with -XX:ReservedCodeCacheSize=
#   JVM is running with Unscaled Compressed Oops mode in which the Java heap is
#     placed in the first 4GB address space. The Java Heap base address is the
#     maximum limit for the native heap growth. Please use -XX:HeapBaseMinAddress
#     to set the Java Heap base and to place the Java Heap above 4GB virtual address.
# This output file may be truncated or incomplete.
#
#  Out of Memory Error (arena.cpp:149), pid=14820, tid=9308
#
# JRE version: Java(TM) SE Runtime Environment (23.0.2+7) (build 23.0.2+7-58)
# Java VM: Java HotSpot(TM) 64-Bit Server VM (23.0.2+7-58, mixed mode, sharing, tiered, compressed oops, compressed class ptrs, g1 gc, windows-amd64)
# No core dump will be written. Minidumps are not enabled by default on client versions of Windows
#

---------------  S U M M A R Y ------------

Command Line: -Dstdout.encoding=UTF-8 -Dstderr.encoding=UTF-8 --enable-preview -XX:+ShowCodeDetailsInExceptionMessages registro.FormularioRegistro

Host: Intel(R) Core(TM) i5-7200U CPU @ 2.50GHz, 4 cores, 7G,  Windows 10 , 64 bit Build 19041 (10.0.19041.5438)
Time: Thu Mar 27 11:35:25 2025 Hora estándar romance elapsed time: 1.261225 seconds (0d 0h 0m 1s)

---------------  T H R E A D  ---------------

Current thread (0x00000134ffaea500):  JavaThread "C2 CompilerThread0" daemon [_thread_in_native, id=9308, stack(0x0000001aa5200000,0x0000001aa5300000) (1024K)]


Current CompileTask:
C2:1261  776       4       sun.awt.image.PNGImageDecoder::filterRow (460 bytes)

Stack: [0x0000001aa5200000,0x0000001aa5300000]
Native frames: (J=compiled Java code, j=interpreted, Vv=VM code, C=native code)
V  [jvm.dll+0x6e0b99]  (no source info available)
V  [jvm.dll+0x87e2b3]  (no source info available)
V  [jvm.dll+0x88073e]  (no source info available)
V  [jvm.dll+0x880e13]  (no source info available)
V  [jvm.dll+0x27b006]  (no source info available)
V  [jvm.dll+0xbc06f]  (no source info available)
V  [jvm.dll+0xbc2cb]  (no source info available)
V  [jvm.dll+0x2eea6d]  (no source info available)
V  [jvm.dll+0x606669]  (no source info available)
V  [jvm.dll+0x24def2]  (no source info available)
V  [jvm.dll+0x24e2d5]  (no source info available)
V  [jvm.dll+0x246c54]  (no source info available)
V  [jvm.dll+0x243e04]  (no source info available)
V  [jvm.dll+0x1c34b0]  (no source info available)
V  [jvm.dll+0x253df1]  (no source info available)
V  [jvm.dll+0x2520aa]  (no source info available)
V  [jvm.dll+0x3ee226]  (no source info available)
V  [jvm.dll+0x8254cb]  (no source info available)
V  [jvm.dll+0x6df345]  (no source info available)
C  [ucrtbase.dll+0x21bb2]  (no source info available)
C  [KERNEL32.DLL+0x17374]  (no source info available)
C  [ntdll.dll+0x4cc91]  (no source info available)

Lock stack of current Java thread (top to bottom):


---------------  P R O C E S S  ---------------

Threads class SMR info:
_java_thread_list=0x00000134999606a0, length=16, elements={
0x00000134ffae0b80, 0x00000134ffae19a0, 0x00000134ffae6690, 0x00000134ffae70f0,
0x00000134ffae82f0, 0x00000134ffae8d50, 0x00000134ffaea500, 0x00000134ffaed760,
0x000001349977b150, 0x0000013499784400, 0x0000013499943a00, 0x0000013499945820,
0x0000013499933df0, 0x00000134999625b0, 0x00000134faaa1b30, 0x00000134999d41b0
}

Java Threads: ( => current thread )
  0x00000134ffae0b80 JavaThread "Reference Handler"          daemon [_thread_blocked, id=6112, stack(0x0000001aa4c00000,0x0000001aa4d00000) (1024K)]
  0x00000134ffae19a0 JavaThread "Finalizer"                  daemon [_thread_blocked, id=12788, stack(0x0000001aa4d00000,0x0000001aa4e00000) (1024K)]
  0x00000134ffae6690 JavaThread "Signal Dispatcher"          daemon [_thread_blocked, id=11320, stack(0x0000001aa4e00000,0x0000001aa4f00000) (1024K)]
  0x00000134ffae70f0 JavaThread "Attach Listener"            daemon [_thread_blocked, id=16232, stack(0x0000001aa4f00000,0x0000001aa5000000) (1024K)]
  0x00000134ffae82f0 JavaThread "Service Thread"             daemon [_thread_blocked, id=14456, stack(0x0000001aa5000000,0x0000001aa5100000) (1024K)]
  0x00000134ffae8d50 JavaThread "Monitor Deflation Thread"   daemon [_thread_blocked, id=11976, stack(0x0000001aa5100000,0x0000001aa5200000) (1024K)]
=>0x00000134ffaea500 JavaThread "C2 CompilerThread0"         daemon [_thread_in_native, id=9308, stack(0x0000001aa5200000,0x0000001aa5300000) (1024K)]
  0x00000134ffaed760 JavaThread "C1 CompilerThread0"         daemon [_thread_blocked, id=19736, stack(0x0000001aa5300000,0x0000001aa5400000) (1024K)]
  0x000001349977b150 JavaThread "Notification Thread"        daemon [_thread_blocked, id=10744, stack(0x0000001aa5400000,0x0000001aa5500000) (1024K)]
  0x0000013499784400 JavaThread "Common-Cleaner"             daemon [_thread_blocked, id=17192, stack(0x0000001aa5500000,0x0000001aa5600000) (1024K)]
  0x0000013499943a00 JavaThread "Java2D Disposer"            daemon [_thread_blocked, id=11436, stack(0x0000001aa5600000,0x0000001aa5700000) (1024K)]
  0x0000013499945820 JavaThread "AWT-Shutdown"                      [_thread_blocked, id=13656, stack(0x0000001aa5700000,0x0000001aa5800000) (1024K)]
  0x0000013499933df0 JavaThread "AWT-Windows"                daemon [_thread_in_native, id=18136, stack(0x0000001aa5800000,0x0000001aa5900000) (1024K)]
  0x00000134999625b0 JavaThread "AWT-EventQueue-0"                  [_thread_blocked, id=7632, stack(0x0000001aa5900000,0x0000001aa5a00000) (1024K)]
  0x00000134faaa1b30 JavaThread "DestroyJavaVM"                     [_thread_blocked, id=19296, stack(0x0000001aa4300000,0x0000001aa4400000) (1024K)]
  0x00000134999d41b0 JavaThread "Image Fetcher 0"            daemon [_thread_blocked, id=2220, stack(0x0000001aa5a00000,0x0000001aa5b00000) (1024K)]
Total: 16

Other Threads:
  0x00000134ffac7000 VMThread "VM Thread"                           [id=11928, stack(0x0000001aa4a00000,0x0000001aa4b00000) (1024K)]
  0x00000134ffab26b0 WatcherThread "VM Periodic Task Thread"        [id=6248, stack(0x0000001aa4900000,0x0000001aa4a00000) (1024K)]
  0x00000134fce14e80 WorkerThread "GC Thread#0"                     [id=9604, stack(0x0000001aa4400000,0x0000001aa4500000) (1024K)]
  0x00000134fce29a20 ConcurrentGCThread "G1 Main Marker"            [id=16808, stack(0x0000001aa4500000,0x0000001aa4600000) (1024K)]
  0x00000134fce2a530 WorkerThread "G1 Conc#0"                       [id=2216, stack(0x0000001aa4600000,0x0000001aa4700000) (1024K)]
  0x00000134fce8e490 ConcurrentGCThread "G1 Refine#0"               [id=19060, stack(0x0000001aa4700000,0x0000001aa4800000) (1024K)]
  0x00000134ff976240 ConcurrentGCThread "G1 Service"                [id=3504, stack(0x0000001aa4800000,0x0000001aa4900000) (1024K)]
Total: 7

Threads with active compile tasks:
C2 CompilerThread0  1668  776       4       sun.awt.image.PNGImageDecoder::filterRow (460 bytes)
Total: 1

VM state: not at safepoint (normal execution)

VM Mutex/Monitor currently owned by a thread: None

Heap address: 0x0000000081e00000, size: 2018 MB, Compressed Oops mode: 32-bit

CDS archive(s) mapped at: [0x000001349a000000-0x000001349ad70000-0x000001349ad70000), size 14090240, SharedBaseAddress: 0x000001349a000000, ArchiveRelocationMode: 1.
Compressed class space mapped at: 0x000001349b000000-0x00000134db000000, reserved size: 1073741824
Narrow klass base: 0x000001349a000000, Narrow klass shift: 0, Narrow klass range: 0x41000000

GC Precious Log:
 CardTable entry size: 512
 Card Set container configuration: InlinePtr #cards 5 size 8 Array Of Cards #cards 10 size 36 Howl #buckets 4 coarsen threshold 1843 Howl Bitmap #cards 512 size 80 coarsen threshold 460 Card regions per heap region 1 cards per card region 2048
 CPUs: 4 total, 4 available
 Memory: 8067M
 Large Page Support: Disabled
 NUMA Support: Disabled
 Compressed Oops: Enabled (32-bit)
 Heap Region Size: 1M
 Heap Min Capacity: 8M
 Heap Initial Capacity: 128M
 Heap Max Capacity: 2018M
 Pre-touch: Disabled
 Parallel Workers: 4
 Concurrent Workers: 1
 Concurrent Refinement Workers: 4
 Periodic GC: Disabled

Heap:
 garbage-first heap   total reserved 2066432K, committed 131072K, used 10240K [0x0000000081e00000, 0x0000000100000000)
  region size 1024K, 9 young (9216K), 0 survivors (0K)
 Metaspace       used 6918K, committed 7104K, reserved 1114112K
  class space    used 785K, committed 896K, reserved 1048576K

Heap Regions: E=young(eden), S=young(survivor), O=old, HS=humongous(starts), HC=humongous(continues), CS=collection set, F=free, TAMS=top-at-mark-start, PB=parsable bottom
|   0|0x0000000081e00000, 0x0000000081f00000, 0x0000000081f00000|100%|HS|  |TAMS 0x0000000081e00000| PB 0x0000000081e00000| Complete |  0
|   1|0x0000000081f00000, 0x0000000082000000, 0x0000000082000000|100%|HC|  |TAMS 0x0000000081f00000| PB 0x0000000081f00000| Complete |  0
|   2|0x0000000082000000, 0x0000000082000000, 0x0000000082100000|  0%| F|  |TAMS 0x0000000082000000| PB 0x0000000082000000| Untracked |  0
|   3|0x0000000082100000, 0x0000000082100000, 0x0000000082200000|  0%| F|  |TAMS 0x0000000082100000| PB 0x0000000082100000| Untracked |  0
|   4|0x0000000082200000, 0x0000000082200000, 0x0000000082300000|  0%| F|  |TAMS 0x0000000082200000| PB 0x0000000082200000| Untracked |  0
|   5|0x0000000082300000, 0x0000000082300000, 0x0000000082400000|  0%| F|  |TAMS 0x0000000082300000| PB 0x0000000082300000| Untracked |  0
|   6|0x0000000082400000, 0x0000000082400000, 0x0000000082500000|  0%| F|  |TAMS 0x0000000082400000| PB 0x0000000082400000| Untracked |  0
|   7|0x0000000082500000, 0x0000000082500000, 0x0000000082600000|  0%| F|  |TAMS 0x0000000082500000| PB 0x0000000082500000| Untracked |  0
|   8|0x0000000082600000, 0x0000000082600000, 0x0000000082700000|  0%| F|  |TAMS 0x0000000082600000| PB 0x0000000082600000| Untracked |  0
|   9|0x0000000082700000, 0x0000000082700000, 0x0000000082800000|  0%| F|  |TAMS 0x0000000082700000| PB 0x0000000082700000| Untracked |  0
|  10|0x0000000082800000, 0x0000000082800000, 0x0000000082900000|  0%| F|  |TAMS 0x0000000082800000| PB 0x0000000082800000| Untracked |  0
|  11|0x0000000082900000, 0x0000000082900000, 0x0000000082a00000|  0%| F|  |TAMS 0x0000000082900000| PB 0x0000000082900000| Untracked |  0
|  12|0x0000000082a00000, 0x0000000082a00000, 0x0000000082b00000|  0%| F|  |TAMS 0x0000000082a00000| PB 0x0000000082a00000| Untracked |  0
|  13|0x0000000082b00000, 0x0000000082b00000, 0x0000000082c00000|  0%| F|  |TAMS 0x0000000082b00000| PB 0x0000000082b00000| Untracked |  0
|  14|0x0000000082c00000, 0x0000000082c00000, 0x0000000082d00000|  0%| F|  |TAMS 0x0000000082c00000| PB 0x0000000082c00000| Untracked |  0
|  15|0x0000000082d00000, 0x0000000082d00000, 0x0000000082e00000|  0%| F|  |TAMS 0x0000000082d00000| PB 0x0000000082d00000| Untracked |  0
|  16|0x0000000082e00000, 0x0000000082e00000, 0x0000000082f00000|  0%| F|  |TAMS 0x0000000082e00000| PB 0x0000000082e00000| Untracked |  0
|  17|0x0000000082f00000, 0x0000000082f00000, 0x0000000083000000|  0%| F|  |TAMS 0x0000000082f00000| PB 0x0000000082f00000| Untracked |  0
|  18|0x0000000083000000, 0x0000000083000000, 0x0000000083100000|  0%| F|  |TAMS 0x0000000083000000| PB 0x0000000083000000| Untracked |  0
|  19|0x0000000083100000, 0x0000000083100000, 0x0000000083200000|  0%| F|  |TAMS 0x0000000083100000| PB 0x0000000083100000| Untracked |  0
|  20|0x0000000083200000, 0x0000000083200000, 0x0000000083300000|  0%| F|  |TAMS 0x0000000083200000| PB 0x0000000083200000| Untracked |  0
|  21|0x0000000083300000, 0x0000000083300000, 0x0000000083400000|  0%| F|  |TAMS 0x0000000083300000| PB 0x0000000083300000| Untracked |  0
|  22|0x0000000083400000, 0x0000000083400000, 0x0000000083500000|  0%| F|  |TAMS 0x0000000083400000| PB 0x0000000083400000| Untracked |  0
|  23|0x0000000083500000, 0x0000000083500000, 0x0000000083600000|  0%| F|  |TAMS 0x0000000083500000| PB 0x0000000083500000| Untracked |  0
|  24|0x0000000083600000, 0x0000000083600000, 0x0000000083700000|  0%| F|  |TAMS 0x0000000083600000| PB 0x0000000083600000| Untracked |  0
|  25|0x0000000083700000, 0x0000000083700000, 0x0000000083800000|  0%| F|  |TAMS 0x0000000083700000| PB 0x0000000083700000| Untracked |  0
|  26|0x0000000083800000, 0x0000000083800000, 0x0000000083900000|  0%| F|  |TAMS 0x0000000083800000| PB 0x0000000083800000| Untracked |  0
|  27|0x0000000083900000, 0x0000000083900000, 0x0000000083a00000|  0%| F|  |TAMS 0x0000000083900000| PB 0x0000000083900000| Untracked |  0
|  28|0x0000000083a00000, 0x0000000083a00000, 0x0000000083b00000|  0%| F|  |TAMS 0x0000000083a00000| PB 0x0000000083a00000| Untracked |  0
|  29|0x0000000083b00000, 0x0000000083b00000, 0x0000000083c00000|  0%| F|  |TAMS 0x0000000083b00000| PB 0x0000000083b00000| Untracked |  0
|  30|0x0000000083c00000, 0x0000000083c00000, 0x0000000083d00000|  0%| F|  |TAMS 0x0000000083c00000| PB 0x0000000083c00000| Untracked |  0
|  31|0x0000000083d00000, 0x0000000083d00000, 0x0000000083e00000|  0%| F|  |TAMS 0x0000000083d00000| PB 0x0000000083d00000| Untracked |  0
|  32|0x0000000083e00000, 0x0000000083e00000, 0x0000000083f00000|  0%| F|  |TAMS 0x0000000083e00000| PB 0x0000000083e00000| Untracked |  0
|  33|0x0000000083f00000, 0x0000000083f00000, 0x0000000084000000|  0%| F|  |TAMS 0x0000000083f00000| PB 0x0000000083f00000| Untracked |  0
|  34|0x0000000084000000, 0x0000000084000000, 0x0000000084100000|  0%| F|  |TAMS 0x0000000084000000| PB 0x0000000084000000| Untracked |  0
|  35|0x0000000084100000, 0x0000000084100000, 0x0000000084200000|  0%| F|  |TAMS 0x0000000084100000| PB 0x0000000084100000| Untracked |  0
|  36|0x0000000084200000, 0x0000000084200000, 0x0000000084300000|  0%| F|  |TAMS 0x0000000084200000| PB 0x0000000084200000| Untracked |  0
|  37|0x0000000084300000, 0x0000000084300000, 0x0000000084400000|  0%| F|  |TAMS 0x0000000084300000| PB 0x0000000084300000| Untracked |  0
|  38|0x0000000084400000, 0x0000000084400000, 0x0000000084500000|  0%| F|  |TAMS 0x0000000084400000| PB 0x0000000084400000| Untracked |  0
|  39|0x0000000084500000, 0x0000000084500000, 0x0000000084600000|  0%| F|  |TAMS 0x0000000084500000| PB 0x0000000084500000| Untracked |  0
|  40|0x0000000084600000, 0x0000000084600000, 0x0000000084700000|  0%| F|  |TAMS 0x0000000084600000| PB 0x0000000084600000| Untracked |  0
|  41|0x0000000084700000, 0x0000000084700000, 0x0000000084800000|  0%| F|  |TAMS 0x0000000084700000| PB 0x0000000084700000| Untracked |  0
|  42|0x0000000084800000, 0x0000000084800000, 0x0000000084900000|  0%| F|  |TAMS 0x0000000084800000| PB 0x0000000084800000| Untracked |  0
|  43|0x0000000084900000, 0x0000000084900000, 0x0000000084a00000|  0%| F|  |TAMS 0x0000000084900000| PB 0x0000000084900000| Untracked |  0
|  44|0x0000000084a00000, 0x0000000084a00000, 0x0000000084b00000|  0%| F|  |TAMS 0x0000000084a00000| PB 0x0000000084a00000| Untracked |  0
|  45|0x0000000084b00000, 0x0000000084b00000, 0x0000000084c00000|  0%| F|  |TAMS 0x0000000084b00000| PB 0x0000000084b00000| Untracked |  0
|  46|0x0000000084c00000, 0x0000000084c00000, 0x0000000084d00000|  0%| F|  |TAMS 0x0000000084c00000| PB 0x0000000084c00000| Untracked |  0
|  47|0x0000000084d00000, 0x0000000084d00000, 0x0000000084e00000|  0%| F|  |TAMS 0x0000000084d00000| PB 0x0000000084d00000| Untracked |  0
|  48|0x0000000084e00000, 0x0000000084e00000, 0x0000000084f00000|  0%| F|  |TAMS 0x0000000084e00000| PB 0x0000000084e00000| Untracked |  0
|  49|0x0000000084f00000, 0x0000000084f00000, 0x0000000085000000|  0%| F|  |TAMS 0x0000000084f00000| PB 0x0000000084f00000| Untracked |  0
|  50|0x0000000085000000, 0x0000000085000000, 0x0000000085100000|  0%| F|  |TAMS 0x0000000085000000| PB 0x0000000085000000| Untracked |  0
|  51|0x0000000085100000, 0x0000000085100000, 0x0000000085200000|  0%| F|  |TAMS 0x0000000085100000| PB 0x0000000085100000| Untracked |  0
|  52|0x0000000085200000, 0x0000000085200000, 0x0000000085300000|  0%| F|  |TAMS 0x0000000085200000| PB 0x0000000085200000| Untracked |  0
|  53|0x0000000085300000, 0x0000000085300000, 0x0000000085400000|  0%| F|  |TAMS 0x0000000085300000| PB 0x0000000085300000| Untracked |  0
|  54|0x0000000085400000, 0x0000000085400000, 0x0000000085500000|  0%| F|  |TAMS 0x0000000085400000| PB 0x0000000085400000| Untracked |  0
|  55|0x0000000085500000, 0x0000000085500000, 0x0000000085600000|  0%| F|  |TAMS 0x0000000085500000| PB 0x0000000085500000| Untracked |  0
|  56|0x0000000085600000, 0x0000000085600000, 0x0000000085700000|  0%| F|  |TAMS 0x0000000085600000| PB 0x0000000085600000| Untracked |  0
|  57|0x0000000085700000, 0x0000000085700000, 0x0000000085800000|  0%| F|  |TAMS 0x0000000085700000| PB 0x0000000085700000| Untracked |  0
|  58|0x0000000085800000, 0x0000000085800000, 0x0000000085900000|  0%| F|  |TAMS 0x0000000085800000| PB 0x0000000085800000| Untracked |  0
|  59|0x0000000085900000, 0x0000000085900000, 0x0000000085a00000|  0%| F|  |TAMS 0x0000000085900000| PB 0x0000000085900000| Untracked |  0
|  60|0x0000000085a00000, 0x0000000085a00000, 0x0000000085b00000|  0%| F|  |TAMS 0x0000000085a00000| PB 0x0000000085a00000| Untracked |  0
|  61|0x0000000085b00000, 0x0000000085b00000, 0x0000000085c00000|  0%| F|  |TAMS 0x0000000085b00000| PB 0x0000000085b00000| Untracked |  0
|  62|0x0000000085c00000, 0x0000000085c00000, 0x0000000085d00000|  0%| F|  |TAMS 0x0000000085c00000| PB 0x0000000085c00000| Untracked |  0
|  63|0x0000000085d00000, 0x0000000085d00000, 0x0000000085e00000|  0%| F|  |TAMS 0x0000000085d00000| PB 0x0000000085d00000| Untracked |  0
|  64|0x0000000085e00000, 0x0000000085e00000, 0x0000000085f00000|  0%| F|  |TAMS 0x0000000085e00000| PB 0x0000000085e00000| Untracked |  0
|  65|0x0000000085f00000, 0x0000000085f00000, 0x0000000086000000|  0%| F|  |TAMS 0x0000000085f00000| PB 0x0000000085f00000| Untracked |  0
|  66|0x0000000086000000, 0x0000000086000000, 0x0000000086100000|  0%| F|  |TAMS 0x0000000086000000| PB 0x0000000086000000| Untracked |  0
|  67|0x0000000086100000, 0x0000000086100000, 0x0000000086200000|  0%| F|  |TAMS 0x0000000086100000| PB 0x0000000086100000| Untracked |  0
|  68|0x0000000086200000, 0x0000000086200000, 0x0000000086300000|  0%| F|  |TAMS 0x0000000086200000| PB 0x0000000086200000| Untracked |  0
|  69|0x0000000086300000, 0x0000000086300000, 0x0000000086400000|  0%| F|  |TAMS 0x0000000086300000| PB 0x0000000086300000| Untracked |  0
|  70|0x0000000086400000, 0x0000000086400000, 0x0000000086500000|  0%| F|  |TAMS 0x0000000086400000| PB 0x0000000086400000| Untracked |  0
|  71|0x0000000086500000, 0x0000000086500000, 0x0000000086600000|  0%| F|  |TAMS 0x0000000086500000| PB 0x0000000086500000| Untracked |  0
|  72|0x0000000086600000, 0x0000000086600000, 0x0000000086700000|  0%| F|  |TAMS 0x0000000086600000| PB 0x0000000086600000| Untracked |  0
|  73|0x0000000086700000, 0x0000000086700000, 0x0000000086800000|  0%| F|  |TAMS 0x0000000086700000| PB 0x0000000086700000| Untracked |  0
|  74|0x0000000086800000, 0x0000000086800000, 0x0000000086900000|  0%| F|  |TAMS 0x0000000086800000| PB 0x0000000086800000| Untracked |  0
|  75|0x0000000086900000, 0x0000000086900000, 0x0000000086a00000|  0%| F|  |TAMS 0x0000000086900000| PB 0x0000000086900000| Untracked |  0
|  76|0x0000000086a00000, 0x0000000086a00000, 0x0000000086b00000|  0%| F|  |TAMS 0x0000000086a00000| PB 0x0000000086a00000| Untracked |  0
|  77|0x0000000086b00000, 0x0000000086b00000, 0x0000000086c00000|  0%| F|  |TAMS 0x0000000086b00000| PB 0x0000000086b00000| Untracked |  0
|  78|0x0000000086c00000, 0x0000000086c00000, 0x0000000086d00000|  0%| F|  |TAMS 0x0000000086c00000| PB 0x0000000086c00000| Untracked |  0
|  79|0x0000000086d00000, 0x0000000086d00000, 0x0000000086e00000|  0%| F|  |TAMS 0x0000000086d00000| PB 0x0000000086d00000| Untracked |  0
|  80|0x0000000086e00000, 0x0000000086e00000, 0x0000000086f00000|  0%| F|  |TAMS 0x0000000086e00000| PB 0x0000000086e00000| Untracked |  0
|  81|0x0000000086f00000, 0x0000000086f00000, 0x0000000087000000|  0%| F|  |TAMS 0x0000000086f00000| PB 0x0000000086f00000| Untracked |  0
|  82|0x0000000087000000, 0x0000000087000000, 0x0000000087100000|  0%| F|  |TAMS 0x0000000087000000| PB 0x0000000087000000| Untracked |  0
|  83|0x0000000087100000, 0x0000000087100000, 0x0000000087200000|  0%| F|  |TAMS 0x0000000087100000| PB 0x0000000087100000| Untracked |  0
|  84|0x0000000087200000, 0x0000000087200000, 0x0000000087300000|  0%| F|  |TAMS 0x0000000087200000| PB 0x0000000087200000| Untracked |  0
|  85|0x0000000087300000, 0x0000000087300000, 0x0000000087400000|  0%| F|  |TAMS 0x0000000087300000| PB 0x0000000087300000| Untracked |  0
|  86|0x0000000087400000, 0x0000000087400000, 0x0000000087500000|  0%| F|  |TAMS 0x0000000087400000| PB 0x0000000087400000| Untracked |  0
|  87|0x0000000087500000, 0x0000000087500000, 0x0000000087600000|  0%| F|  |TAMS 0x0000000087500000| PB 0x0000000087500000| Untracked |  0
|  88|0x0000000087600000, 0x0000000087600000, 0x0000000087700000|  0%| F|  |TAMS 0x0000000087600000| PB 0x0000000087600000| Untracked |  0
|  89|0x0000000087700000, 0x0000000087700000, 0x0000000087800000|  0%| F|  |TAMS 0x0000000087700000| PB 0x0000000087700000| Untracked |  0
|  90|0x0000000087800000, 0x0000000087800000, 0x0000000087900000|  0%| F|  |TAMS 0x0000000087800000| PB 0x0000000087800000| Untracked |  0
|  91|0x0000000087900000, 0x0000000087900000, 0x0000000087a00000|  0%| F|  |TAMS 0x0000000087900000| PB 0x0000000087900000| Untracked |  0
|  92|0x0000000087a00000, 0x0000000087a00000, 0x0000000087b00000|  0%| F|  |TAMS 0x0000000087a00000| PB 0x0000000087a00000| Untracked |  0
|  93|0x0000000087b00000, 0x0000000087b00000, 0x0000000087c00000|  0%| F|  |TAMS 0x0000000087b00000| PB 0x0000000087b00000| Untracked |  0
|  94|0x0000000087c00000, 0x0000000087c00000, 0x0000000087d00000|  0%| F|  |TAMS 0x0000000087c00000| PB 0x0000000087c00000| Untracked |  0
|  95|0x0000000087d00000, 0x0000000087d00000, 0x0000000087e00000|  0%| F|  |TAMS 0x0000000087d00000| PB 0x0000000087d00000| Untracked |  0
|  96|0x0000000087e00000, 0x0000000087e00000, 0x0000000087f00000|  0%| F|  |TAMS 0x0000000087e00000| PB 0x0000000087e00000| Untracked |  0
|  97|0x0000000087f00000, 0x0000000087f00000, 0x0000000088000000|  0%| F|  |TAMS 0x0000000087f00000| PB 0x0000000087f00000| Untracked |  0
|  98|0x0000000088000000, 0x0000000088000000, 0x0000000088100000|  0%| F|  |TAMS 0x0000000088000000| PB 0x0000000088000000| Untracked |  0
|  99|0x0000000088100000, 0x0000000088100000, 0x0000000088200000|  0%| F|  |TAMS 0x0000000088100000| PB 0x0000000088100000| Untracked |  0
| 100|0x0000000088200000, 0x0000000088200000, 0x0000000088300000|  0%| F|  |TAMS 0x0000000088200000| PB 0x0000000088200000| Untracked |  0
| 101|0x0000000088300000, 0x0000000088300000, 0x0000000088400000|  0%| F|  |TAMS 0x0000000088300000| PB 0x0000000088300000| Untracked |  0
| 102|0x0000000088400000, 0x0000000088400000, 0x0000000088500000|  0%| F|  |TAMS 0x0000000088400000| PB 0x0000000088400000| Untracked |  0
| 103|0x0000000088500000, 0x0000000088500000, 0x0000000088600000|  0%| F|  |TAMS 0x0000000088500000| PB 0x0000000088500000| Untracked |  0
| 104|0x0000000088600000, 0x0000000088600000, 0x0000000088700000|  0%| F|  |TAMS 0x0000000088600000| PB 0x0000000088600000| Untracked |  0
| 105|0x0000000088700000, 0x0000000088700000, 0x0000000088800000|  0%| F|  |TAMS 0x0000000088700000| PB 0x0000000088700000| Untracked |  0
| 106|0x0000000088800000, 0x0000000088800000, 0x0000000088900000|  0%| F|  |TAMS 0x0000000088800000| PB 0x0000000088800000| Untracked |  0
| 107|0x0000000088900000, 0x0000000088900000, 0x0000000088a00000|  0%| F|  |TAMS 0x0000000088900000| PB 0x0000000088900000| Untracked |  0
| 108|0x0000000088a00000, 0x0000000088a00000, 0x0000000088b00000|  0%| F|  |TAMS 0x0000000088a00000| PB 0x0000000088a00000| Untracked |  0
| 109|0x0000000088b00000, 0x0000000088b00000, 0x0000000088c00000|  0%| F|  |TAMS 0x0000000088b00000| PB 0x0000000088b00000| Untracked |  0
| 110|0x0000000088c00000, 0x0000000088c00000, 0x0000000088d00000|  0%| F|  |TAMS 0x0000000088c00000| PB 0x0000000088c00000| Untracked |  0
| 111|0x0000000088d00000, 0x0000000088d00000, 0x0000000088e00000|  0%| F|  |TAMS 0x0000000088d00000| PB 0x0000000088d00000| Untracked |  0
| 112|0x0000000088e00000, 0x0000000088e00000, 0x0000000088f00000|  0%| F|  |TAMS 0x0000000088e00000| PB 0x0000000088e00000| Untracked |  0
| 113|0x0000000088f00000, 0x0000000088f00000, 0x0000000089000000|  0%| F|  |TAMS 0x0000000088f00000| PB 0x0000000088f00000| Untracked |  0
| 114|0x0000000089000000, 0x0000000089000000, 0x0000000089100000|  0%| F|  |TAMS 0x0000000089000000| PB 0x0000000089000000| Untracked |  0
| 115|0x0000000089100000, 0x0000000089100000, 0x0000000089200000|  0%| F|  |TAMS 0x0000000089100000| PB 0x0000000089100000| Untracked |  0
| 116|0x0000000089200000, 0x0000000089200000, 0x0000000089300000|  0%| F|  |TAMS 0x0000000089200000| PB 0x0000000089200000| Untracked |  0
| 117|0x0000000089300000, 0x0000000089300000, 0x0000000089400000|  0%| F|  |TAMS 0x0000000089300000| PB 0x0000000089300000| Untracked |  0
| 118|0x0000000089400000, 0x0000000089400000, 0x0000000089500000|  0%| F|  |TAMS 0x0000000089400000| PB 0x0000000089400000| Untracked |  0
| 119|0x0000000089500000, 0x000000008958fee0, 0x0000000089600000| 56%| E|  |TAMS 0x0000000089500000| PB 0x0000000089500000| Complete |  0
| 120|0x0000000089600000, 0x0000000089700000, 0x0000000089700000|100%| E|CS|TAMS 0x0000000089600000| PB 0x0000000089600000| Complete |  0
| 121|0x0000000089700000, 0x0000000089800000, 0x0000000089800000|100%| E|CS|TAMS 0x0000000089700000| PB 0x0000000089700000| Complete |  1
| 122|0x0000000089800000, 0x0000000089900000, 0x0000000089900000|100%| E|CS|TAMS 0x0000000089800000| PB 0x0000000089800000| Complete |  0
| 123|0x0000000089900000, 0x0000000089a00000, 0x0000000089a00000|100%| E|CS|TAMS 0x0000000089900000| PB 0x0000000089900000| Complete |  0
| 124|0x0000000089a00000, 0x0000000089b00000, 0x0000000089b00000|100%| E|CS|TAMS 0x0000000089a00000| PB 0x0000000089a00000| Complete |  0
| 125|0x0000000089b00000, 0x0000000089c00000, 0x0000000089c00000|100%| E|CS|TAMS 0x0000000089b00000| PB 0x0000000089b00000| Complete |  0
| 126|0x0000000089c00000, 0x0000000089d00000, 0x0000000089d00000|100%| E|CS|TAMS 0x0000000089c00000| PB 0x0000000089c00000| Complete |  0
| 127|0x0000000089d00000, 0x0000000089e00000, 0x0000000089e00000|100%| E|CS|TAMS 0x0000000089d00000| PB 0x0000000089d00000| Complete |  0

Card table byte_map: [0x00000134fd290000,0x00000134fd690000] _byte_map_base: 0x00000134fce81000

Marking Bits: (CMBitMap*) 0x00000134fce15590
 Bits: [0x00000134fd690000, 0x00000134ff618000)

Polling page: 0x00000134fadd0000

Metaspace:

Usage:
  Non-class:      5.99 MB used.
      Class:    785.56 KB used.
       Both:      6.76 MB used.

Virtual space:
  Non-class space:       64.00 MB reserved,       6.06 MB (  9%) committed,  1 nodes.
      Class space:        1.00 GB reserved,     896.00 KB ( <1%) committed,  1 nodes.
             Both:        1.06 GB reserved,       6.94 MB ( <1%) committed. 

Chunk freelists:
   Non-Class:  9.00 MB
       Class:  15.12 MB
        Both:  24.12 MB

MaxMetaspaceSize: unlimited
CompressedClassSpaceSize: 1.00 GB
Initial GC threshold: 21.00 MB
Current GC threshold: 21.00 MB
CDS: on
 - commit_granule_bytes: 65536.
 - commit_granule_words: 8192.
 - virtual_space_node_default_size: 8388608.
 - enlarge_chunks_in_place: 1.
 - use_allocation_guard: 0.


Internal statistics:

num_allocs_failed_limit: 0.
num_arena_births: 128.
num_arena_deaths: 0.
num_vsnodes_births: 2.
num_vsnodes_deaths: 0.
num_space_committed: 111.
num_space_uncommitted: 0.
num_chunks_returned_to_freelist: 0.
num_chunks_taken_from_freelist: 156.
num_chunk_merges: 0.
num_chunk_splits: 98.
num_chunks_enlarged: 47.
num_inconsistent_stats: 0.

CodeHeap 'non-profiled nmethods': size=120064Kb used=233Kb max_used=233Kb free=119831Kb
 bounds [0x0000013490140000, 0x00000134903b0000, 0x0000013497680000]
CodeHeap 'profiled nmethods': size=120000Kb used=1111Kb max_used=1111Kb free=118889Kb
 bounds [0x0000013488680000, 0x00000134888f0000, 0x000001348fbb0000]
CodeHeap 'non-nmethods': size=5696Kb used=1496Kb max_used=1496Kb free=4199Kb
 bounds [0x000001348fbb0000, 0x000001348fe20000, 0x0000013490140000]
CodeCache: size=245760Kb, used=2840Kb, max_used=2840Kb, free=242919Kb
 total_blobs=1437, nmethods=851, adapters=492, full_count=0
Compilation: enabled, stopped_count=0, restarted_count=0

Compilation events (20 events):
Event: 1.193 Thread 0x00000134ffaed760  796       3       java.lang.Integer::compare (20 bytes)
Event: 1.193 Thread 0x00000134ffaed760 nmethod 796 0x0000013488786088 code [0x00000134887861c0, 0x0000013488786388]
Event: 1.193 Thread 0x00000134ffaed760  797       3       sun.java2d.loops.GraphicsPrimitiveMgr$1::compare (13 bytes)
Event: 1.194 Thread 0x00000134ffaed760 nmethod 797 0x0000013488786408 code [0x0000013488786560, 0x00000134887869f8]
Event: 1.194 Thread 0x00000134ffaed760  798       3       sun.java2d.loops.GraphicsPrimitiveMgr$1::compare (18 bytes)
Event: 1.194 Thread 0x00000134ffaed760 nmethod 798 0x0000013488786a88 code [0x0000013488786bc0, 0x0000013488786e40]
Event: 1.197 Thread 0x00000134ffaed760  799       3       sun.java2d.loops.GraphicsPrimitiveMgr$2::compare (24 bytes)
Event: 1.197 Thread 0x00000134ffaed760 nmethod 799 0x0000013488786e88 code [0x0000013488786fc0, 0x00000134887873d8]
Event: 1.198 Thread 0x00000134ffaed760  800       1       sun.java2d.loops.CompositeType::getSuperType (5 bytes)
Event: 1.198 Thread 0x00000134ffaed760 nmethod 800 0x0000013490178808 code [0x0000013490178920, 0x00000134901789e8]
Event: 1.198 Thread 0x00000134ffaed760  801       3       java.util.Arrays::binarySearch0 (95 bytes)
Event: 1.198 Thread 0x00000134ffaed760 nmethod 801 0x0000013488787408 code [0x0000013488787560, 0x0000013488787960]
Event: 1.198 Thread 0x00000134ffaed760  802       3       sun.java2d.loops.GraphicsPrimitiveMgr::locate (104 bytes)
Event: 1.199 Thread 0x00000134ffaed760 nmethod 802 0x0000013488787988 code [0x0000013488787b40, 0x00000134887884d8]
Event: 1.199 Thread 0x00000134ffaed760  803       3       java.util.Arrays::binarySearch (10 bytes)
Event: 1.199 Thread 0x00000134ffaed760 nmethod 803 0x0000013488788508 code [0x0000013488788620, 0x0000013488788750]
Event: 1.199 Thread 0x00000134ffaed760  804       1       sun.java2d.loops.SurfaceType::getSuperType (5 bytes)
Event: 1.199 Thread 0x00000134ffaed760 nmethod 804 0x0000013490178b08 code [0x0000013490178c20, 0x0000013490178ce8]
Event: 1.205 Thread 0x00000134ffaed760  805       3       java.awt.Component::getTreeLock (4 bytes)
Event: 1.205 Thread 0x00000134ffaed760 nmethod 805 0x0000013488788808 code [0x0000013488788920, 0x0000013488788a38]

GC Heap History (0 events):
No events

Dll operation events (5 events):
Event: 0.016 Loaded shared library C:\Program Files\Java\jdk-23\bin\java.dll
Event: 0.097 Loaded shared library C:\Program Files\Java\jdk-23\bin\jsvml.dll
Event: 0.200 Loaded shared library C:\Program Files\Java\jdk-23\bin\jimage.dll
Event: 0.287 Loaded shared library C:\Program Files\Java\jdk-23\bin\awt.dll
Event: 0.851 Loaded shared library C:\Program Files\Java\jdk-23\bin\zip.dll

Deoptimization events (20 events):
Event: 1.065 Thread 0x00000134999d41b0 DEOPT PACKING pc=0x0000013488780f6d sp=0x0000001aa5afede0
Event: 1.065 Thread 0x00000134999d41b0 DEOPT UNPACKING pc=0x000001348fc04b22 sp=0x0000001aa5afe250 mode 0
Event: 1.065 Thread 0x00000134999d41b0 DEOPT PACKING pc=0x0000013488780f6d sp=0x0000001aa5afede0
Event: 1.065 Thread 0x00000134999d41b0 DEOPT UNPACKING pc=0x000001348fc04b22 sp=0x0000001aa5afe250 mode 0
Event: 1.065 Thread 0x00000134999d41b0 DEOPT PACKING pc=0x0000013488780f6d sp=0x0000001aa5afede0
Event: 1.065 Thread 0x00000134999d41b0 DEOPT UNPACKING pc=0x000001348fc04b22 sp=0x0000001aa5afe250 mode 0
Event: 1.065 Thread 0x00000134999d41b0 DEOPT PACKING pc=0x0000013488780dde sp=0x0000001aa5afede0
Event: 1.065 Thread 0x00000134999d41b0 DEOPT UNPACKING pc=0x000001348fc04b22 sp=0x0000001aa5afe250 mode 0
Event: 1.068 Thread 0x00000134999d41b0 DEOPT PACKING pc=0x0000013488780f6d sp=0x0000001aa5afede0
Event: 1.094 Thread 0x00000134999d41b0 DEOPT UNPACKING pc=0x000001348fc04b22 sp=0x0000001aa5afe250 mode 0
Event: 1.098 Thread 0x00000134999d41b0 DEOPT PACKING pc=0x0000013488780dde sp=0x0000001aa5afede0
Event: 1.098 Thread 0x00000134999d41b0 DEOPT UNPACKING pc=0x000001348fc04b22 sp=0x0000001aa5afe250 mode 0
Event: 1.098 Thread 0x00000134999d41b0 DEOPT PACKING pc=0x0000013488780f6d sp=0x0000001aa5afede0
Event: 1.098 Thread 0x00000134999d41b0 DEOPT UNPACKING pc=0x000001348fc04b22 sp=0x0000001aa5afe250 mode 0
Event: 1.099 Thread 0x00000134999d41b0 DEOPT PACKING pc=0x0000013488780f6d sp=0x0000001aa5afede0
Event: 1.099 Thread 0x00000134999d41b0 DEOPT UNPACKING pc=0x000001348fc04b22 sp=0x0000001aa5afe250 mode 0
Event: 1.100 Thread 0x00000134999d41b0 DEOPT PACKING pc=0x0000013488780f6d sp=0x0000001aa5afede0
Event: 1.100 Thread 0x00000134999d41b0 DEOPT UNPACKING pc=0x000001348fc04b22 sp=0x0000001aa5afe250 mode 0
Event: 1.100 Thread 0x00000134999d41b0 DEOPT PACKING pc=0x0000013488780f6d sp=0x0000001aa5afede0
Event: 1.100 Thread 0x00000134999d41b0 DEOPT UNPACKING pc=0x000001348fc04b22 sp=0x0000001aa5afe250 mode 0

Classes loaded (20 events):
Event: 1.202 Loading class java/awt/SystemColor done
Event: 1.203 Loading class sun/awt/AWTAccessor$SystemColorAccessor
Event: 1.203 Loading class sun/awt/AWTAccessor$SystemColorAccessor done
Event: 1.205 Loading class sun/awt/windows/WFontPeer
Event: 1.206 Loading class sun/awt/PlatformFont
Event: 1.206 Loading class java/awt/peer/FontPeer
Event: 1.206 Loading class java/awt/peer/FontPeer done
Event: 1.206 Loading class sun/awt/PlatformFont done
Event: 1.206 Loading class sun/awt/windows/WFontPeer done
Event: 1.206 Loading class sun/awt/NativeLibLoader
Event: 1.206 Loading class sun/awt/NativeLibLoader done
Event: 1.206 Loading class sun/awt/NativeLibLoader$1
Event: 1.206 Loading class sun/awt/NativeLibLoader$1 done
Event: 1.207 Loading class sun/font/SunFontManager
Event: 1.208 Loading class sun/java2d/FontSupport
Event: 1.208 Loading class sun/java2d/FontSupport done
Event: 1.208 Loading class sun/font/FontManagerForSGE
Event: 1.208 Loading class sun/font/FontManager
Event: 1.208 Loading class sun/font/FontManager done
Event: 1.208 Loading class sun/font/FontManagerForSGE done

Classes unloaded (0 events):
No events

Classes redefined (0 events):
No events

Internal exceptions (11 events):
Event: 0.230 Thread 0x00000134faaa1b30 Exception <a 'java/lang/ClassNotFoundException'{0x0000000089caa0d0}: sun/awt/resources/spi/awtProvider> (0x0000000089caa0d0) 
thrown [s\open\src\hotspot\share\classfile\systemDictionary.cpp, line 313]
Event: 0.333 Thread 0x00000134faaa1b30 Exception <a 'java/io/FileNotFoundException'{0x0000000089cfec68}> (0x0000000089cfec68) 
thrown [s\open\src\hotspot\share\prims\jni.cpp, line 520]
Event: 0.351 Thread 0x00000134faaa1b30 Exception <a 'java/io/FileNotFoundException'{0x0000000089b2d260}> (0x0000000089b2d260) 
thrown [s\open\src\hotspot\share\prims\jni.cpp, line 520]
Event: 0.575 Thread 0x00000134999625b0 Exception <a 'java/lang/NoSuchMethodError'{0x0000000089a7e768}: 'void java.lang.invoke.DirectMethodHandle$Holder.invokeSpecial(java.lang.Object, java.lang.Object, java.lang.Object)'> (0x0000000089a7e768) 
thrown [s\open\src\hotspot\share\interpreter\linkResolver.cpp, line 796]
Event: 0.612 Thread 0x00000134999625b0 Exception <a 'java/lang/NoSuchMethodError'{0x0000000089915f38}: 'java.lang.Object java.lang.invoke.DirectMethodHandle$Holder.invokeStatic(java.lang.Object, int, java.lang.Object)'> (0x0000000089915f38) 
thrown [s\open\src\hotspot\share\interpreter\linkResolver.cpp, line 796]
Event: 0.663 Thread 0x00000134999625b0 Exception <a 'java/lang/ClassNotFoundException'{0x00000000899b8a70}: com/sun/swing/internal/plaf/metal/resources/spi/metalProvider> (0x00000000899b8a70) 
thrown [s\open\src\hotspot\share\classfile\systemDictionary.cpp, line 313]
Event: 0.664 Thread 0x00000134999625b0 Exception <a 'java/lang/ClassNotFoundException'{0x00000000899bca60}: com/sun/swing/internal/plaf/basic/resources/spi/basicProvider> (0x00000000899bca60) 
thrown [s\open\src\hotspot\share\classfile\systemDictionary.cpp, line 313]
Event: 0.687 Thread 0x00000134999625b0 Exception <a 'java/lang/NoSuchMethodError'{0x00000000899dcc80}: 'int java.lang.invoke.Invokers$Holder.invokeExact_MT(java.lang.Object, java.lang.Object)'> (0x00000000899dcc80) 
thrown [s\open\src\hotspot\share\interpreter\linkResolver.cpp, line 796]
Event: 0.932 Thread 0x00000134999d41b0 Exception <a 'java/lang/NoSuchMethodError'{0x00000000897fc270}: 'java.lang.Object java.lang.invoke.DirectMethodHandle$Holder.newInvokeSpecial(java.lang.Object, java.lang.Object, java.lang.Object, int, int, int, int, int)'> (0x00000000897fc270) 
thrown [s\open\src\hotspot\share\interpreter\linkResolver.cpp, line 796]
Event: 1.119 Thread 0x0000013499933df0 Exception <a 'java/lang/NoSuchMethodError'{0x0000000089a0e8f8}: 'void java.lang.invoke.DirectMethodHandle$Holder.invokeVirtual(java.lang.Object, java.lang.Object)'> (0x0000000089a0e8f8) 
thrown [s\open\src\hotspot\share\interpreter\linkResolver.cpp, line 796]
Event: 1.203 Thread 0x00000134999625b0 Exception <a 'java/lang/NoSuchMethodError'{0x000000008983da10}: 'void java.lang.invoke.DirectMethodHandle$Holder.invokeStaticInit(java.lang.Object)'> (0x000000008983da10) 
thrown [s\open\src\hotspot\share\interpreter\linkResolver.cpp, line 796]

VM Operations (10 events):
Event: 0.383 Executing VM operation: HandshakeAllThreads (Deoptimize)
Event: 0.383 Executing VM operation: HandshakeAllThreads (Deoptimize) done
Event: 0.662 Executing VM operation: HandshakeAllThreads (Deoptimize)
Event: 0.662 Executing VM operation: HandshakeAllThreads (Deoptimize) done
Event: 0.733 Executing VM operation: HandshakeAllThreads (Deoptimize)
Event: 0.733 Executing VM operation: HandshakeAllThreads (Deoptimize) done
Event: 0.748 Executing VM operation: HandshakeAllThreads (Deoptimize)
Event: 0.748 Executing VM operation: HandshakeAllThreads (Deoptimize) done
Event: 0.910 Executing VM operation: HandshakeAllThreads (Deoptimize)
Event: 0.910 Executing VM operation: HandshakeAllThreads (Deoptimize) done

Memory protections (0 events):
No events

Nmethod flushes (0 events):
No events

Events (18 events):
Event: 0.048 Thread 0x00000134faaa1b30 Thread added: 0x00000134faaa1b30
Event: 0.087 Thread 0x00000134faaa1b30 Thread added: 0x00000134ffae0b80
Event: 0.090 Thread 0x00000134faaa1b30 Thread added: 0x00000134ffae19a0
Event: 0.090 Thread 0x00000134faaa1b30 Thread added: 0x00000134ffae6690
Event: 0.093 Thread 0x00000134faaa1b30 Thread added: 0x00000134ffae70f0
Event: 0.093 Thread 0x00000134faaa1b30 Thread added: 0x00000134ffae82f0
Event: 0.093 Thread 0x00000134faaa1b30 Thread added: 0x00000134ffae8d50
Event: 0.093 Thread 0x00000134faaa1b30 Thread added: 0x00000134ffaea500
Event: 0.094 Thread 0x00000134faaa1b30 Thread added: 0x00000134ffaed760
Event: 0.135 Thread 0x00000134faaa1b30 Thread added: 0x000001349977b150
Event: 0.145 Thread 0x00000134faaa1b30 Thread added: 0x0000013499784400
Event: 0.464 Thread 0x00000134faaa1b30 Thread added: 0x0000013499943a00
Event: 0.467 Thread 0x00000134faaa1b30 Thread added: 0x0000013499945820
Event: 0.469 Thread 0x00000134faaa1b30 Thread added: 0x0000013499933df0
Event: 0.508 Thread 0x00000134faaa1b30 Thread added: 0x00000134999625b0
Event: 0.508 Thread 0x00000134faaa1b30 Thread exited: 0x00000134faaa1b30
Event: 0.508 Thread 0x00000134faaa1b30 Thread added: 0x00000134faaa1b30
Event: 0.801 Thread 0x00000134999625b0 Thread added: 0x00000134999d41b0


Dynamic libraries:
0x00007ff7695c0000 - 0x00007ff7695d0000 	C:\Program Files\Java\jdk-23\bin\java.exe
0x00007ffe03870000 - 0x00007ffe03a68000 	C:\WINDOWS\SYSTEM32\ntdll.dll
0x00007ffe03760000 - 0x00007ffe03822000 	C:\WINDOWS\System32\KERNEL32.DLL
0x00007ffe01540000 - 0x00007ffe0183f000 	C:\WINDOWS\System32\KERNELBASE.dll
0x00007ffe012b0000 - 0x00007ffe013b0000 	C:\WINDOWS\System32\ucrtbase.dll
0x00007ffdf97e0000 - 0x00007ffdf97f7000 	C:\Program Files\Java\jdk-23\bin\jli.dll
0x00007ffe02e20000 - 0x00007ffe02fbd000 	C:\WINDOWS\System32\USER32.dll
0x00007ffe013b0000 - 0x00007ffe013d2000 	C:\WINDOWS\System32\win32u.dll
0x00007ffe035f0000 - 0x00007ffe0361b000 	C:\WINDOWS\System32\GDI32.dll
0x00007ffe010d0000 - 0x00007ffe011ea000 	C:\WINDOWS\System32\gdi32full.dll
0x00007ffe00f10000 - 0x00007ffe00fad000 	C:\WINDOWS\System32\msvcp_win.dll
0x00007ffdf76b0000 - 0x00007ffdf76cb000 	C:\Program Files\Java\jdk-23\bin\VCRUNTIME140.dll
0x00007ffdd1920000 - 0x00007ffdd1bba000 	C:\WINDOWS\WinSxS\amd64_microsoft.windows.common-controls_6595b64144ccf1df_6.0.19041.4355_none_60b8b9eb71f62e16\COMCTL32.dll
0x00007ffe032c0000 - 0x00007ffe0335e000 	C:\WINDOWS\System32\msvcrt.dll
0x00007ffe01890000 - 0x00007ffe018bf000 	C:\WINDOWS\System32\IMM32.DLL
0x00007ffdfab80000 - 0x00007ffdfab8c000 	C:\Program Files\Java\jdk-23\bin\vcruntime140_1.dll
0x00007ffddbd10000 - 0x00007ffddbd9e000 	C:\Program Files\Java\jdk-23\bin\msvcp140.dll
0x00007ffd77340000 - 0x00007ffd78090000 	C:\Program Files\Java\jdk-23\bin\server\jvm.dll
0x00007ffe03540000 - 0x00007ffe035ef000 	C:\WINDOWS\System32\ADVAPI32.dll
0x00007ffe02000000 - 0x00007ffe0209f000 	C:\WINDOWS\System32\sechost.dll
0x00007ffe03630000 - 0x00007ffe03753000 	C:\WINDOWS\System32\RPCRT4.dll
0x00007ffe011f0000 - 0x00007ffe01217000 	C:\WINDOWS\System32\bcrypt.dll
0x00007ffe030e0000 - 0x00007ffe0314b000 	C:\WINDOWS\System32\WS2_32.dll
0x00007ffe006c0000 - 0x00007ffe0070b000 	C:\WINDOWS\SYSTEM32\POWRPROF.dll
0x00007ffdd6a00000 - 0x00007ffdd6a27000 	C:\WINDOWS\SYSTEM32\WINMM.dll
0x00007ffdeda10000 - 0x00007ffdeda1a000 	C:\WINDOWS\SYSTEM32\VERSION.dll
0x00007ffe00630000 - 0x00007ffe00642000 	C:\WINDOWS\SYSTEM32\UMPDC.dll
0x00007ffdff730000 - 0x00007ffdff742000 	C:\WINDOWS\SYSTEM32\kernel.appcore.dll
0x00007ffdf97d0000 - 0x00007ffdf97da000 	C:\Program Files\Java\jdk-23\bin\jimage.dll
0x00007ffdfbc40000 - 0x00007ffdfbe24000 	C:\WINDOWS\SYSTEM32\DBGHELP.DLL
0x00007ffdea310000 - 0x00007ffdea344000 	C:\WINDOWS\SYSTEM32\dbgcore.DLL
0x00007ffe01220000 - 0x00007ffe012a2000 	C:\WINDOWS\System32\bcryptPrimitives.dll
0x00007ffdf7570000 - 0x00007ffdf758e000 	C:\Program Files\Java\jdk-23\bin\java.dll
0x00007ffe018c0000 - 0x00007ffe019eb000 	C:\WINDOWS\System32\ole32.dll
0x00007ffe01a50000 - 0x00007ffe01da5000 	C:\WINDOWS\System32\combase.dll
0x00007ffe021d0000 - 0x00007ffe0293d000 	C:\WINDOWS\System32\SHELL32.dll
0x00007ffdfbe30000 - 0x00007ffdfc5d4000 	C:\WINDOWS\SYSTEM32\windows.storage.dll
0x00007ffe00940000 - 0x00007ffe0096b000 	C:\WINDOWS\SYSTEM32\Wldp.dll
0x00007ffe03470000 - 0x00007ffe0353d000 	C:\WINDOWS\System32\OLEAUT32.dll
0x00007ffe02120000 - 0x00007ffe021cd000 	C:\WINDOWS\System32\SHCORE.dll
0x00007ffe03410000 - 0x00007ffe03465000 	C:\WINDOWS\System32\shlwapi.dll
0x00007ffe00e40000 - 0x00007ffe00e65000 	C:\WINDOWS\SYSTEM32\profapi.dll
0x00007ffddbf30000 - 0x00007ffddc007000 	C:\Program Files\Java\jdk-23\bin\jsvml.dll
0x00007ffddbda0000 - 0x00007ffddbf2e000 	C:\Program Files\Java\jdk-23\bin\awt.dll
0x00007ffdf9830000 - 0x00007ffdf98c4000 	C:\WINDOWS\SYSTEM32\apphelp.dll
0x00007ffdfae60000 - 0x00007ffdfaefe000 	C:\WINDOWS\system32\uxtheme.dll
0x00007ffde1180000 - 0x00007ffde1258000 	c:\Program Files\HP\HP ProtectTools Security Manager\Bin\DpoFeedb.dll
0x00007ffe00dc0000 - 0x00007ffe00dee000 	C:\WINDOWS\SYSTEM32\USERENV.dll
0x00007ffe02fc0000 - 0x00007ffe030d5000 	C:\WINDOWS\System32\MSCTF.dll
0x00007ffdfb630000 - 0x00007ffdfb65f000 	C:\WINDOWS\system32\DWMAPI.DLL
0x00007ffde5a90000 - 0x00007ffde5bb8000 	C:\WINDOWS\system32\opengl32.dll
0x00007ffde7da0000 - 0x00007ffde7dcc000 	C:\WINDOWS\SYSTEM32\GLU32.dll
0x00007ffde9800000 - 0x00007ffde9817000 	C:\Program Files\Java\jdk-23\bin\zip.dll
0x00007ffdbc090000 - 0x00007ffdbc117000 	C:\Program Files\Java\jdk-23\bin\freetype.dll
0x00007ffe03360000 - 0x00007ffe03409000 	C:\WINDOWS\System32\clbcatq.dll
0x00007ffdfabd0000 - 0x00007ffdfad84000 	C:\WINDOWS\SYSTEM32\WindowsCodecs.dll
0x00007ffde15e0000 - 0x00007ffde161e000 	C:\WINDOWS\system32\dataexchange.dll
0x00007ffdf8400000 - 0x00007ffdf8663000 	C:\WINDOWS\system32\d3d11.dll
0x00007ffdf8ad0000 - 0x00007ffdf8cb4000 	C:\WINDOWS\system32\dcomp.dll
0x00007ffdff7a0000 - 0x00007ffdff896000 	C:\WINDOWS\system32\dxgi.dll
0x00007ffdfa1b0000 - 0x00007ffdfa3b3000 	C:\WINDOWS\system32\twinapi.appcore.dll

dbghelp: loaded successfully - version: 4.0.5 - missing functions: none
symbol engine: initialized successfully - sym options: 0x614 - pdb path: .;C:\Program Files\Java\jdk-23\bin;C:\WINDOWS\SYSTEM32;C:\WINDOWS\WinSxS\amd64_microsoft.windows.common-controls_6595b64144ccf1df_6.0.19041.4355_none_60b8b9eb71f62e16;C:\Program Files\Java\jdk-23\bin\server;c:\Program Files\HP\HP ProtectTools Security Manager\Bin

VM Arguments:
jvm_args: -Dstdout.encoding=UTF-8 -Dstderr.encoding=UTF-8 --enable-preview -XX:+ShowCodeDetailsInExceptionMessages 
java_command: registro.FormularioRegistro
java_class_path (initial): C:\Users\practicas\AppData\Roaming\Code\User\workspaceStorage\5d1d5aa785a5da6ac9a4f5f2197424fc\redhat.java\jdt_ws\Login_4bac1944\bin
Launcher Type: SUN_STANDARD

[Global flags]
     intx CICompilerCount                          = 3                                         {product} {ergonomic}
     uint ConcGCThreads                            = 1                                         {product} {ergonomic}
     uint G1ConcRefinementThreads                  = 4                                         {product} {ergonomic}
   size_t G1HeapRegionSize                         = 1048576                                   {product} {ergonomic}
   size_t InitialHeapSize                          = 134217728                                 {product} {ergonomic}
   size_t MarkStackSize                            = 4194304                                   {product} {ergonomic}
   size_t MarkStackSizeMax                         = 536870912                                 {product} {ergonomic}
   size_t MaxHeapSize                              = 2116026368                                {product} {ergonomic}
   size_t MaxNewSize                               = 1268776960                                {product} {ergonomic}
   size_t MinHeapDeltaBytes                        = 1048576                                   {product} {ergonomic}
   size_t MinHeapSize                              = 8388608                                   {product} {ergonomic}
    uintx NonNMethodCodeHeapSize                   = 5832704                                {pd product} {ergonomic}
    uintx NonProfiledCodeHeapSize                  = 122945536                              {pd product} {ergonomic}
    uintx ProfiledCodeHeapSize                     = 122880000                              {pd product} {ergonomic}
    uintx ReservedCodeCacheSize                    = 251658240                              {pd product} {ergonomic}
     bool SegmentedCodeCache                       = true                                      {product} {ergonomic}
     bool ShowCodeDetailsInExceptionMessages       = true                                   {manageable} {command line}
   size_t SoftMaxHeapSize                          = 2116026368                             {manageable} {ergonomic}
     bool UseCompressedOops                        = true                           {product lp64_product} {ergonomic}
     bool UseG1GC                                  = true                                      {product} {ergonomic}
     bool UseLargePagesIndividualAllocation        = false                                  {pd product} {ergonomic}

Logging:
Log output configuration:
 #0: stdout all=warning uptime,level,tags foldmultilines=false
 #1: stderr all=off uptime,level,tags foldmultilines=false

Environment Variables:
JAVA_HOME=C:\Users\practicas\AppData\Roaming\Code\User\globalStorage\pleiades.java-extension-pack-jdk\java\21
JAVA_TOOL_OPTIONS=-Dstdout.encoding=UTF-8 -Dstderr.encoding=UTF-8
PATH=C:\Users\practicas\AppData\Roaming\Code\User\globalStorage\pleiades.java-extension-pack-jdk\gradle\latest\bin;C:\Users\practicas\AppData\Roaming\Code\User\globalStorage\pleiades.java-extension-pack-jdk\maven\latest\bin;C:\Users\practicas\AppData\Roaming\Code\User\globalStorage\pleiades.java-extension-pack-jdk\java\21\bin;C:\Program Files\Common Files\Oracle\Java\javapath;C:\Program Files (x86)\Intel\iCLS Client\;C:\Program Files\Intel\iCLS Client\;C:\WINDOWS\system32;C:\WINDOWS;C:\WINDOWS\System32\Wbem;C:\WINDOWS\System32\WindowsPowerShell\v1.0\;C:\Program Files\Intel\WiFi\bin\;C:\Program Files\Common Files\Intel\WirelessCommon\;C:\Program Files (x86)\Intel\Intel(R) Management Engine Components\DAL;C:\Program Files\Intel\Intel(R) Management Engine Components\DAL;C:\Program Files (x86)\Intel\Intel(R) Management Engine Components\IPT;C:\Program Files\Intel\Intel(R) Management Engine Components\IPT;C:\WINDOWS\System32\OpenSSH\;C:\Program Files\Git\cmd;C:\Program Files\Git\mingw64\bin;C:\Program Files\Git\usr\bin;C:\Program Files\MySQL\MySQL Shell 8.0\bin\;C:\Users\practicas\AppData\Local\Programs\Python\Launcher\;C:\Users\practicas\AppData\Local\Microsoft\WindowsApps;C:\Users\practicas\AppData\Local\Programs\Microsoft VS Code\bin
USERNAME=practicas
LANG=en_US.UTF-8
OS=Windows_NT
PROCESSOR_IDENTIFIER=Intel64 Family 6 Model 142 Stepping 9, GenuineIntel
TMP=C:\Users\PRACTI~1\AppData\Local\Temp
TEMP=C:\Users\PRACTI~1\AppData\Local\Temp




Periodic native trim disabled

---------------  S Y S T E M  ---------------

OS:
 Windows 10 , 64 bit Build 19041 (10.0.19041.5438)
OS uptime: 1 days 20:36 hours

CPU: total 4 (initial active 4) (2 cores per cpu, 2 threads per core) family 6 model 142 stepping 9 microcode 0xec, cx8, cmov, fxsr, ht, mmx, 3dnowpref, sse, sse2, sse3, ssse3, sse4.1, sse4.2, popcnt, lzcnt, tsc, tscinvbit, avx, avx2, aes, erms, clmul, bmi1, bmi2, adx, fma, vzeroupper, clflush, clflushopt, rdtscp, f16c
Processor Information for the first 4 processors :
  Max Mhz: 2712, Current Mhz: 2511, Mhz Limit: 2495

Memory: 4k page, system-wide physical 8067M (788M free)
TotalPageFile size 12163M (AvailPageFile size 285M)
current process WorkingSet (physical memory assigned to process): 66M, peak: 66M
current process commit charge ("private bytes"): 216M, peak: 216M

vm_info: Java HotSpot(TM) 64-Bit Server VM (23.0.2+7-58) for windows-amd64 JRE (23.0.2+7-58), built on 2024-11-29T09:34:55Z with MS VC++ 17.6 (VS2022)

END.
